<?xml version="1.0" encoding="UTF-8" ?>
<testsuite failures="1" time="0.067" errors="0" skipped="0" tests="18" name="br.odb.derelict.test.TotautisSpaceStationTest">
  <properties>
    <property name="java.runtime.name" value="Java(TM) SE Runtime Environment"/>
    <property name="sun.boot.library.path" value="/System/Library/Java/JavaVirtualMachines/1.6.0.jdk/Contents/Libraries"/>
    <property name="java.vm.version" value="20.65-b04-462"/>
    <property name="awt.nativeDoubleBuffering" value="true"/>
    <property name="gopherProxySet" value="false"/>
    <property name="mrj.build" value="11M4609"/>
    <property name="java.vm.vendor" value="Apple Inc."/>
    <property name="java.vendor.url" value="http://www.apple.com/"/>
    <property name="path.separator" value=":"/>
    <property name="java.vm.name" value="Java HotSpot(TM) 64-Bit Server VM"/>
    <property name="file.encoding.pkg" value="sun.io"/>
    <property name="user.country" value="US"/>
    <property name="sun.java.launcher" value="SUN_STANDARD"/>
    <property name="sun.os.patch.level" value="unknown"/>
    <property name="java.vm.specification.name" value="Java Virtual Machine Specification"/>
    <property name="user.dir" value="/Users/monty/gitcenter/derelict/Derelict1D"/>
    <property name="java.runtime.version" value="1.6.0_65-b14-462-11M4609"/>
    <property name="java.awt.graphicsenv" value="apple.awt.CGraphicsEnvironment"/>
    <property name="basedir" value="/Users/monty/gitcenter/derelict/Derelict1D"/>
    <property name="java.endorsed.dirs" value="/System/Library/Java/JavaVirtualMachines/1.6.0.jdk/Contents/Home/lib/endorsed"/>
    <property name="os.arch" value="x86_64"/>
    <property name="surefire.real.class.path" value="/Users/monty/gitcenter/derelict/Derelict1D/target/surefire/surefirebooter4411569023052522671.jar"/>
    <property name="java.io.tmpdir" value="/var/folders/7f/8m_xst054jdczxr1xypfhtn80000gn/T/"/>
    <property name="line.separator" value="
"/>
    <property name="java.vm.specification.vendor" value="Sun Microsystems Inc."/>
    <property name="os.name" value="Mac OS X"/>
    <property name="sun.jnu.encoding" value="MacRoman"/>
    <property name="java.library.path" value=".:/Library/Java/Extensions:/System/Library/Java/Extensions:/usr/lib/java"/>
    <property name="surefire.test.class.path" value="/Users/monty/gitcenter/derelict/Derelict1D/target/test-classes:/Users/monty/gitcenter/derelict/Derelict1D/target/classes:/Users/monty/.m2/repository/junit/junit/4.10/junit-4.10.jar:/Users/monty/.m2/repository/org/hamcrest/hamcrest-core/1.1/hamcrest-core-1.1.jar:/Users/monty/.m2/repository/br/odb/gameapp/1.0-SNAPSHOT/gameapp-1.0-SNAPSHOT.jar:/Users/monty/.m2/repository/br/odb/gameutils/1.0-SNAPSHOT/gameutils-1.0-SNAPSHOT.jar:/Users/monty/.m2/repository/br/odb/gameworld/1.0-SNAPSHOT/gameworld-1.0-SNAPSHOT.jar:/Users/monty/.m2/repository/br/odb/derelict/derelict-core-java/1.0-SNAPSHOT/derelict-core-java-1.0-SNAPSHOT.jar:"/>
    <property name="java.specification.name" value="Java Platform API Specification"/>
    <property name="java.class.version" value="50.0"/>
    <property name="sun.management.compiler" value="HotSpot 64-Bit Tiered Compilers"/>
    <property name="os.version" value="10.9.4"/>
    <property name="http.nonProxyHosts" value="local|*.local|169.254/16|*.169.254/16"/>
    <property name="user.home" value="/Users/monty"/>
    <property name="user.timezone" value=""/>
    <property name="java.awt.printerjob" value="apple.awt.CPrinterJob"/>
    <property name="java.specification.version" value="1.6"/>
    <property name="file.encoding" value="MacRoman"/>
    <property name="user.name" value="monty"/>
    <property name="java.class.path" value="/Users/monty/gitcenter/derelict/Derelict1D/target/test-classes:/Users/monty/gitcenter/derelict/Derelict1D/target/classes:/Users/monty/.m2/repository/junit/junit/4.10/junit-4.10.jar:/Users/monty/.m2/repository/org/hamcrest/hamcrest-core/1.1/hamcrest-core-1.1.jar:/Users/monty/.m2/repository/br/odb/gameapp/1.0-SNAPSHOT/gameapp-1.0-SNAPSHOT.jar:/Users/monty/.m2/repository/br/odb/gameutils/1.0-SNAPSHOT/gameutils-1.0-SNAPSHOT.jar:/Users/monty/.m2/repository/br/odb/gameworld/1.0-SNAPSHOT/gameworld-1.0-SNAPSHOT.jar:/Users/monty/.m2/repository/br/odb/derelict/derelict-core-java/1.0-SNAPSHOT/derelict-core-java-1.0-SNAPSHOT.jar:"/>
    <property name="java.vm.specification.version" value="1.0"/>
    <property name="sun.arch.data.model" value="64"/>
    <property name="java.home" value="/System/Library/Java/JavaVirtualMachines/1.6.0.jdk/Contents/Home"/>
    <property name="sun.java.command" value="/Users/monty/gitcenter/derelict/Derelict1D/target/surefire/surefirebooter4411569023052522671.jar /Users/monty/gitcenter/derelict/Derelict1D/target/surefire/surefire5478276133825887712tmp /Users/monty/gitcenter/derelict/Derelict1D/target/surefire/surefire53397202763406388tmp"/>
    <property name="java.specification.vendor" value="Sun Microsystems Inc."/>
    <property name="user.language" value="en"/>
    <property name="awt.toolkit" value="apple.awt.CToolkit"/>
    <property name="java.vm.info" value="mixed mode"/>
    <property name="java.version" value="1.6.0_65"/>
    <property name="java.ext.dirs" value="/Library/Java/Extensions:/System/Library/Java/Extensions:/System/Library/Java/JavaVirtualMachines/1.6.0.jdk/Contents/Home/lib/ext"/>
    <property name="sun.boot.class.path" value="/System/Library/Java/JavaVirtualMachines/1.6.0.jdk/Contents/Classes/jsfd.jar:/System/Library/Java/JavaVirtualMachines/1.6.0.jdk/Contents/Classes/classes.jar:/System/Library/Frameworks/JavaVM.framework/Frameworks/JavaRuntimeSupport.framework/Resources/Java/JavaRuntimeSupport.jar:/System/Library/Java/JavaVirtualMachines/1.6.0.jdk/Contents/Classes/ui.jar:/System/Library/Java/JavaVirtualMachines/1.6.0.jdk/Contents/Classes/laf.jar:/System/Library/Java/JavaVirtualMachines/1.6.0.jdk/Contents/Classes/sunrsasign.jar:/System/Library/Java/JavaVirtualMachines/1.6.0.jdk/Contents/Classes/jsse.jar:/System/Library/Java/JavaVirtualMachines/1.6.0.jdk/Contents/Classes/jce.jar:/System/Library/Java/JavaVirtualMachines/1.6.0.jdk/Contents/Classes/charsets.jar"/>
    <property name="java.vendor" value="Apple Inc."/>
    <property name="localRepository" value="/Users/monty/.m2/repository"/>
    <property name="file.separator" value="/"/>
    <property name="java.vendor.url.bug" value="http://bugreport.apple.com/"/>
    <property name="sun.cpu.endian" value="little"/>
    <property name="sun.io.unicode.encoding" value="UnicodeLittle"/>
    <property name="mrj.version" value="1070.1.6.0_65-462"/>
    <property name="socksNonProxyHosts" value="local|*.local|169.254/16|*.169.254/16"/>
    <property name="ftp.nonProxyHosts" value="local|*.local|169.254/16|*.169.254/16"/>
    <property name="sun.cpu.isalist" value=""/>
  </properties>
  <testcase time="0.001" classname="br.odb.derelict.test.TotautisSpaceStationTest" name="testToxicity"/>
  <testcase time="0.001" classname="br.odb.derelict.test.TotautisSpaceStationTest" name="testCanMove"/>
  <testcase time="0.001" classname="br.odb.derelict.test.TotautisSpaceStationTest" name="testSpookySound"/>
  <testcase time="0.034" classname="br.odb.derelict.test.TotautisSpaceStationTest" name="testTotautisSpaceStation"/>
  <testcase time="0.001" classname="br.odb.derelict.test.TotautisSpaceStationTest" name="testLevel"/>
  <testcase time="0.002" classname="br.odb.derelict.test.TotautisSpaceStationTest" name="testAddLocation"/>
  <testcase time="0.002" classname="br.odb.derelict.test.TotautisSpaceStationTest" name="testAddCharacter"/>
  <testcase time="0.001" classname="br.odb.derelict.test.TotautisSpaceStationTest" name="testAddNewCharacter"/>
  <testcase time="0.001" classname="br.odb.derelict.test.TotautisSpaceStationTest" name="testAddNewLocation"/>
  <testcase time="0.001" classname="br.odb.derelict.test.TotautisSpaceStationTest" name="testBombDetonation"/>
  <testcase time="0" classname="br.odb.derelict.test.TotautisSpaceStationTest" name="testUsingPlasmaGun"/>
  <testcase time="0.003" classname="br.odb.derelict.test.TotautisSpaceStationTest" name="testBlowtorch"/>
  <testcase time="0.002" classname="br.odb.derelict.test.TotautisSpaceStationTest" name="testShootingPlasmaGun"/>
  <testcase time="0.002" classname="br.odb.derelict.test.TotautisSpaceStationTest" name="testDrop"/>
  <testcase time="0.002" classname="br.odb.derelict.test.TotautisSpaceStationTest" name="testPipesAndMagnets">
    <failure type="java.lang.AssertionError">java.lang.AssertionError
	at org.junit.Assert.fail(Assert.java:92)
	at org.junit.Assert.fail(Assert.java:100)
	at br.odb.derelict.test.TotautisSpaceStationTest.testPipesAndMagnets(TotautisSpaceStationTest.java:721)
	at sun.reflect.NativeMethodAccessorImpl.invoke0(Native Method)
	at sun.reflect.NativeMethodAccessorImpl.invoke(NativeMethodAccessorImpl.java:39)
	at sun.reflect.DelegatingMethodAccessorImpl.invoke(DelegatingMethodAccessorImpl.java:25)
	at java.lang.reflect.Method.invoke(Method.java:597)
	at org.junit.runners.model.FrameworkMethod$1.runReflectiveCall(FrameworkMethod.java:45)
	at org.junit.internal.runners.model.ReflectiveCallable.run(ReflectiveCallable.java:15)
	at org.junit.runners.model.FrameworkMethod.invokeExplosively(FrameworkMethod.java:42)
	at org.junit.internal.runners.statements.InvokeMethod.evaluate(InvokeMethod.java:20)
	at org.junit.internal.runners.statements.RunBefores.evaluate(RunBefores.java:28)
	at org.junit.runners.ParentRunner.runLeaf(ParentRunner.java:263)
	at org.junit.runners.BlockJUnit4ClassRunner.runChild(BlockJUnit4ClassRunner.java:68)
	at org.junit.runners.BlockJUnit4ClassRunner.runChild(BlockJUnit4ClassRunner.java:47)
	at org.junit.runners.ParentRunner$3.run(ParentRunner.java:231)
	at org.junit.runners.ParentRunner$1.schedule(ParentRunner.java:60)
	at org.junit.runners.ParentRunner.runChildren(ParentRunner.java:229)
	at org.junit.runners.ParentRunner.access$000(ParentRunner.java:50)
	at org.junit.runners.ParentRunner$2.evaluate(ParentRunner.java:222)
	at org.junit.runners.ParentRunner.run(ParentRunner.java:300)
	at org.apache.maven.surefire.junit4.JUnit4TestSet.execute(JUnit4TestSet.java:53)
	at org.apache.maven.surefire.junit4.JUnit4Provider.executeTestSet(JUnit4Provider.java:119)
	at org.apache.maven.surefire.junit4.JUnit4Provider.invoke(JUnit4Provider.java:101)
	at sun.reflect.NativeMethodAccessorImpl.invoke0(Native Method)
	at sun.reflect.NativeMethodAccessorImpl.invoke(NativeMethodAccessorImpl.java:39)
	at sun.reflect.DelegatingMethodAccessorImpl.invoke(DelegatingMethodAccessorImpl.java:25)
	at java.lang.reflect.Method.invoke(Method.java:597)
	at org.apache.maven.surefire.booter.ProviderFactory$ClassLoaderProxy.invoke(ProviderFactory.java:103)
	at com.sun.proxy.$Proxy0.invoke(Unknown Source)
	at org.apache.maven.surefire.booter.SurefireStarter.invokeProvider(SurefireStarter.java:150)
	at org.apache.maven.surefire.booter.SurefireStarter.runSuitesInProcess(SurefireStarter.java:91)
	at org.apache.maven.surefire.booter.ForkedBooter.main(ForkedBooter.java:69)
</failure>
  </testcase>
  <testcase time="0.002" classname="br.odb.derelict.test.TotautisSpaceStationTest" name="testPipesAndPellets"/>
  <testcase time="0.001" classname="br.odb.derelict.test.TotautisSpaceStationTest" name="testUpdate"/>
  <testcase time="0.002" classname="br.odb.derelict.test.TotautisSpaceStationTest" name="testOrbitalDecay"/>
</testsuite>